<?xml version="1.0" encoding="UTF-8"?>
<!-- Generated by org.testng.reporters.JUnitReportReporter -->
<testsuite hostname="pc-149.home" failures="0" tests="5" name="AlmosaferTestCode" time="0.475" errors="0" timestamp="2023-04-13T07:05:25 EET" skipped="0">
  <testcase classname="AlmosaferTestCode" name="checkTheWebsiteDefaultCurrency" time="0.118"/>
  <system-out/>
  <testcase classname="AlmosaferTestCode" name="checkIfHotalTabDefault" time="0.039"/>
  <system-out/>
  <testcase classname="AlmosaferTestCode" name="check24ContactNumber" time="0.246"/>
  <system-out/>
  <testcase classname="AlmosaferTestCode" name="checkWhatsApplNumber" time="0.022"/>
  <system-out/>
  <testcase classname="AlmosaferTestCode" name="checkTheWebsiteDefaultLanguage" time="0.050"/>
  <system-out/>
</testsuite> <!-- AlmosaferTestCode -->
